Analysis & Synthesis report for MaquinaDeSalgadosFinal
Sat Dec 09 18:52:34 2023
Quartus II 64-Bit Version 13.1.0 Build 162 10/23/2013 SJ Web Edition


---------------------
; Table of Contents ;
---------------------
  1. Legal Notice
  2. Analysis & Synthesis Summary
  3. Analysis & Synthesis Settings
  4. Parallel Compilation
  5. Analysis & Synthesis Messages



----------------
; Legal Notice ;
----------------
Copyright (C) 1991-2013 Altera Corporation
Your use of Altera Corporation's design tools, logic functions 
and other software and tools, and its AMPP partner logic 
functions, and any output files from any of the foregoing 
(including device programming or simulation files), and any 
associated documentation or information are expressly subject 
to the terms and conditions of the Altera Program License 
Subscription Agreement, Altera MegaCore Function License 
Agreement, or other applicable license agreement, including, 
without limitation, that your use is for the sole purpose of 
programming logic devices manufactured by Altera and sold by 
Altera or its authorized distributors.  Please refer to the 
applicable agreement for further details.



+---------------------------------------------------------------------------------+
; Analysis & Synthesis Summary                                                    ;
+------------------------------------+--------------------------------------------+
; Analysis & Synthesis Status        ; Failed - Sat Dec 09 18:52:34 2023          ;
; Quartus II 64-Bit Version          ; 13.1.0 Build 162 10/23/2013 SJ Web Edition ;
; Revision Name                      ; MaquinaDeSalgadosFinal                     ;
; Top-level Entity Name              ; vending_machine                            ;
; Family                             ; Cyclone IV GX                              ;
; Total logic elements               ; N/A until Partition Merge                  ;
;     Total combinational functions  ; N/A until Partition Merge                  ;
;     Dedicated logic registers      ; N/A until Partition Merge                  ;
; Total registers                    ; N/A until Partition Merge                  ;
; Total pins                         ; N/A until Partition Merge                  ;
; Total virtual pins                 ; N/A until Partition Merge                  ;
; Total memory bits                  ; N/A until Partition Merge                  ;
; Embedded Multiplier 9-bit elements ; N/A until Partition Merge                  ;
; Total GXB Receiver Channel PCS     ; N/A until Partition Merge                  ;
; Total GXB Receiver Channel PMA     ; N/A until Partition Merge                  ;
; Total GXB Transmitter Channel PCS  ; N/A until Partition Merge                  ;
; Total GXB Transmitter Channel PMA  ; N/A until Partition Merge                  ;
; Total PLLs                         ; N/A until Partition Merge                  ;
+------------------------------------+--------------------------------------------+


+--------------------------------------------------------------------------------------------------------------------------+
; Analysis & Synthesis Settings                                                                                            ;
+----------------------------------------------------------------------------+--------------------+------------------------+
; Option                                                                     ; Setting            ; Default Value          ;
+----------------------------------------------------------------------------+--------------------+------------------------+
; Top-level entity name                                                      ; vending_machine    ; MaquinaDeSalgadosFinal ;
; Family name                                                                ; Cyclone IV GX      ; Cyclone IV GX          ;
; Use smart compilation                                                      ; Off                ; Off                    ;
; Enable parallel Assembler and TimeQuest Timing Analyzer during compilation ; On                 ; On                     ;
; Enable compact report table                                                ; Off                ; Off                    ;
; Restructure Multiplexers                                                   ; Auto               ; Auto                   ;
; Create Debugging Nodes for IP Cores                                        ; Off                ; Off                    ;
; Preserve fewer node names                                                  ; On                 ; On                     ;
; Disable OpenCore Plus hardware evaluation                                  ; Off                ; Off                    ;
; Verilog Version                                                            ; Verilog_2001       ; Verilog_2001           ;
; VHDL Version                                                               ; VHDL_1993          ; VHDL_1993              ;
; State Machine Processing                                                   ; Auto               ; Auto                   ;
; Safe State Machine                                                         ; Off                ; Off                    ;
; Extract Verilog State Machines                                             ; On                 ; On                     ;
; Extract VHDL State Machines                                                ; On                 ; On                     ;
; Ignore Verilog initial constructs                                          ; Off                ; Off                    ;
; Iteration limit for constant Verilog loops                                 ; 5000               ; 5000                   ;
; Iteration limit for non-constant Verilog loops                             ; 250                ; 250                    ;
; Add Pass-Through Logic to Inferred RAMs                                    ; On                 ; On                     ;
; Infer RAMs from Raw Logic                                                  ; On                 ; On                     ;
; Parallel Synthesis                                                         ; On                 ; On                     ;
; DSP Block Balancing                                                        ; Auto               ; Auto                   ;
; NOT Gate Push-Back                                                         ; On                 ; On                     ;
; Power-Up Don't Care                                                        ; On                 ; On                     ;
; Remove Redundant Logic Cells                                               ; Off                ; Off                    ;
; Remove Duplicate Registers                                                 ; On                 ; On                     ;
; Ignore CARRY Buffers                                                       ; Off                ; Off                    ;
; Ignore CASCADE Buffers                                                     ; Off                ; Off                    ;
; Ignore GLOBAL Buffers                                                      ; Off                ; Off                    ;
; Ignore ROW GLOBAL Buffers                                                  ; Off                ; Off                    ;
; Ignore LCELL Buffers                                                       ; Off                ; Off                    ;
; Ignore SOFT Buffers                                                        ; On                 ; On                     ;
; Limit AHDL Integers to 32 Bits                                             ; Off                ; Off                    ;
; Optimization Technique                                                     ; Balanced           ; Balanced               ;
; Carry Chain Length                                                         ; 70                 ; 70                     ;
; Auto Carry Chains                                                          ; On                 ; On                     ;
; Auto Open-Drain Pins                                                       ; On                 ; On                     ;
; Perform WYSIWYG Primitive Resynthesis                                      ; Off                ; Off                    ;
; Auto ROM Replacement                                                       ; On                 ; On                     ;
; Auto RAM Replacement                                                       ; On                 ; On                     ;
; Auto DSP Block Replacement                                                 ; On                 ; On                     ;
; Auto Shift Register Replacement                                            ; Auto               ; Auto                   ;
; Allow Shift Register Merging across Hierarchies                            ; Auto               ; Auto                   ;
; Auto Clock Enable Replacement                                              ; On                 ; On                     ;
; Strict RAM Replacement                                                     ; Off                ; Off                    ;
; Allow Synchronous Control Signals                                          ; On                 ; On                     ;
; Force Use of Synchronous Clear Signals                                     ; Off                ; Off                    ;
; Auto RAM Block Balancing                                                   ; On                 ; On                     ;
; Auto RAM to Logic Cell Conversion                                          ; Off                ; Off                    ;
; Auto Resource Sharing                                                      ; Off                ; Off                    ;
; Allow Any RAM Size For Recognition                                         ; Off                ; Off                    ;
; Allow Any ROM Size For Recognition                                         ; Off                ; Off                    ;
; Allow Any Shift Register Size For Recognition                              ; Off                ; Off                    ;
; Use LogicLock Constraints during Resource Balancing                        ; On                 ; On                     ;
; Ignore translate_off and synthesis_off directives                          ; Off                ; Off                    ;
; Timing-Driven Synthesis                                                    ; On                 ; On                     ;
; Report Parameter Settings                                                  ; On                 ; On                     ;
; Report Source Assignments                                                  ; On                 ; On                     ;
; Report Connectivity Checks                                                 ; On                 ; On                     ;
; Ignore Maximum Fan-Out Assignments                                         ; Off                ; Off                    ;
; Synchronization Register Chain Length                                      ; 2                  ; 2                      ;
; PowerPlay Power Optimization                                               ; Normal compilation ; Normal compilation     ;
; HDL message level                                                          ; Level2             ; Level2                 ;
; Suppress Register Optimization Related Messages                            ; Off                ; Off                    ;
; Number of Removed Registers Reported in Synthesis Report                   ; 5000               ; 5000                   ;
; Number of Swept Nodes Reported in Synthesis Report                         ; 5000               ; 5000                   ;
; Number of Inverted Registers Reported in Synthesis Report                  ; 100                ; 100                    ;
; Clock MUX Protection                                                       ; On                 ; On                     ;
; Auto Gated Clock Conversion                                                ; Off                ; Off                    ;
; Block Design Naming                                                        ; Auto               ; Auto                   ;
; SDC constraint protection                                                  ; Off                ; Off                    ;
; Synthesis Effort                                                           ; Auto               ; Auto                   ;
; Shift Register Replacement - Allow Asynchronous Clear Signal               ; On                 ; On                     ;
; Pre-Mapping Resynthesis Optimization                                       ; Off                ; Off                    ;
; Analysis & Synthesis Message Level                                         ; Medium             ; Medium                 ;
; Disable Register Merging Across Hierarchies                                ; Auto               ; Auto                   ;
; Resource Aware Inference For Block RAM                                     ; On                 ; On                     ;
; Synthesis Seed                                                             ; 1                  ; 1                      ;
+----------------------------------------------------------------------------+--------------------+------------------------+


Parallel compilation was disabled, but you have multiple processors available. Enable parallel compilation to reduce compilation time.
+-------------------------------------+
; Parallel Compilation                ;
+----------------------------+--------+
; Processors                 ; Number ;
+----------------------------+--------+
; Number detected on machine ; 4      ;
; Maximum allowed            ; 1      ;
+----------------------------+--------+


+-------------------------------+
; Analysis & Synthesis Messages ;
+-------------------------------+
Info: *******************************************************************
Info: Running Quartus II 64-Bit Analysis & Synthesis
    Info: Version 13.1.0 Build 162 10/23/2013 SJ Web Edition
    Info: Processing started: Sat Dec 09 18:52:31 2023
Info: Command: quartus_map --read_settings_files=on --write_settings_files=off MaquinaDeSalgadosFinal -c MaquinaDeSalgadosFinal
Warning (20028): Parallel compilation is not licensed and has been disabled
Info (12021): Found 2 design units, including 1 entities, in source file vending_machine.vhd
    Info (12022): Found design unit 1: vending_machine-rtl
    Info (12023): Found entity 1: vending_machine
Info (12021): Found 2 design units, including 1 entities, in source file subtractor8.vhd
    Info (12022): Found design unit 1: subtractor8-structural
    Info (12023): Found entity 1: subtractor8
Info (12021): Found 2 design units, including 1 entities, in source file mux21.vhd
    Info (12022): Found design unit 1: mux21-model
    Info (12023): Found entity 1: mux21
Info (12021): Found 2 design units, including 1 entities, in source file full_adder.vhd
    Info (12022): Found design unit 1: full_adder-model
    Info (12023): Found entity 1: full_adder
Info (12021): Found 2 design units, including 1 entities, in source file comparator_1bit.vhd
    Info (12022): Found design unit 1: comparator_1bit-structural
    Info (12023): Found entity 1: comparator_1bit
Info (12021): Found 2 design units, including 1 entities, in source file comparator8.vhd
    Info (12022): Found design unit 1: comparator8-structural
    Info (12023): Found entity 1: comparator8
Info (12021): Found 2 design units, including 1 entities, in source file comparator.vhd
    Info (12022): Found design unit 1: comparator_CO-structural
    Info (12023): Found entity 1: comparator_CO
Info (12021): Found 2 design units, including 1 entities, in source file adder8.vhd
    Info (12022): Found design unit 1: adder8-model
    Info (12023): Found entity 1: adder8
Info (12021): Found 2 design units, including 1 entities, in source file accumulator8.vhd
    Info (12022): Found design unit 1: accumulator8-rtl
    Info (12023): Found entity 1: accumulator8
Info (12127): Elaborating entity "vending_machine" for the top level hierarchy
Warning (10036): Verilog HDL or VHDL warning at vending_machine.vhd(85): object "balance_lower" assigned a value but never read
Warning (10540): VHDL Signal Declaration warning at vending_machine.vhd(93): used explicit default value for signal "stock_S1_reg" because signal was never assigned a value
Warning (10492): VHDL Process Statement warning at vending_machine.vhd(170): signal "choice_reg" is read inside the Process Statement but isn't in the Process Statement's sensitivity list
Warning (10492): VHDL Process Statement warning at vending_machine.vhd(172): signal "stock_S0_reg" is read inside the Process Statement but isn't in the Process Statement's sensitivity list
Warning (10492): VHDL Process Statement warning at vending_machine.vhd(178): signal "stock_S1_reg" is read inside the Process Statement but isn't in the Process Statement's sensitivity list
Warning (10492): VHDL Process Statement warning at vending_machine.vhd(188): signal "stock_S0_reg" is read inside the Process Statement but isn't in the Process Statement's sensitivity list
Warning (10492): VHDL Process Statement warning at vending_machine.vhd(188): signal "stock_S1_reg" is read inside the Process Statement but isn't in the Process Statement's sensitivity list
Error (10028): Can't resolve multiple constant drivers for net "E[8]" at vending_machine.vhd(163) File: C:/Users/mmm/OneDrive/Documentos/GitHub/VendingMachine---Circuitos-Digitais/MaquinaDeSalgadosFinal/vending_machine.vhd Line: 163
Error (10029): Constant driver at vending_machine.vhd(120) File: C:/Users/mmm/OneDrive/Documentos/GitHub/VendingMachine---Circuitos-Digitais/MaquinaDeSalgadosFinal/vending_machine.vhd Line: 120
Error (10028): Can't resolve multiple constant drivers for net "E[7]" at vending_machine.vhd(163) File: C:/Users/mmm/OneDrive/Documentos/GitHub/VendingMachine---Circuitos-Digitais/MaquinaDeSalgadosFinal/vending_machine.vhd Line: 163
Error (10028): Can't resolve multiple constant drivers for net "E[6]" at vending_machine.vhd(163) File: C:/Users/mmm/OneDrive/Documentos/GitHub/VendingMachine---Circuitos-Digitais/MaquinaDeSalgadosFinal/vending_machine.vhd Line: 163
Error (10028): Can't resolve multiple constant drivers for net "E[5]" at vending_machine.vhd(163) File: C:/Users/mmm/OneDrive/Documentos/GitHub/VendingMachine---Circuitos-Digitais/MaquinaDeSalgadosFinal/vending_machine.vhd Line: 163
Error (10028): Can't resolve multiple constant drivers for net "E[4]" at vending_machine.vhd(163) File: C:/Users/mmm/OneDrive/Documentos/GitHub/VendingMachine---Circuitos-Digitais/MaquinaDeSalgadosFinal/vending_machine.vhd Line: 163
Error (10028): Can't resolve multiple constant drivers for net "E[3]" at vending_machine.vhd(163) File: C:/Users/mmm/OneDrive/Documentos/GitHub/VendingMachine---Circuitos-Digitais/MaquinaDeSalgadosFinal/vending_machine.vhd Line: 163
Error (10028): Can't resolve multiple constant drivers for net "E[2]" at vending_machine.vhd(163) File: C:/Users/mmm/OneDrive/Documentos/GitHub/VendingMachine---Circuitos-Digitais/MaquinaDeSalgadosFinal/vending_machine.vhd Line: 163
Error (10028): Can't resolve multiple constant drivers for net "E[1]" at vending_machine.vhd(163) File: C:/Users/mmm/OneDrive/Documentos/GitHub/VendingMachine---Circuitos-Digitais/MaquinaDeSalgadosFinal/vending_machine.vhd Line: 163
Error (10028): Can't resolve multiple constant drivers for net "E[0]" at vending_machine.vhd(163) File: C:/Users/mmm/OneDrive/Documentos/GitHub/VendingMachine---Circuitos-Digitais/MaquinaDeSalgadosFinal/vending_machine.vhd Line: 163
Error (12153): Can't elaborate top-level user hierarchy
Error: Quartus II 64-Bit Analysis & Synthesis was unsuccessful. 11 errors, 8 warnings
    Error: Peak virtual memory: 4691 megabytes
    Error: Processing ended: Sat Dec 09 18:52:34 2023
    Error: Elapsed time: 00:00:03
    Error: Total CPU time (on all processors): 00:00:03


