Flow report for MaquinaDeSalgadosFinal
Sat Dec 09 23:35:10 2023
Quartus II 64-Bit Version 13.1.0 Build 162 10/23/2013 SJ Web Edition


---------------------
; Table of Contents ;
---------------------
  1. Legal Notice
  2. Flow Summary
  3. Flow Settings
  4. Flow Non-Default Global Settings
  5. Flow Elapsed Time
  6. Flow OS Summary
  7. Flow Log
  8. Flow Messages
  9. Flow Suppressed Messages



----------------
; Legal Notice ;
----------------
Copyright (C) 1991-2013 Altera Corporation
Your use of Altera Corporation's design tools, logic functions 
and other software and tools, and its AMPP partner logic 
functions, and any output files from any of the foregoing 
(including device programming or simulation files), and any 
associated documentation or information are expressly subject 
to the terms and conditions of the Altera Program License 
Subscription Agreement, Altera MegaCore Function License 
Agreement, or other applicable license agreement, including, 
without limitation, that your use is for the sole purpose of 
programming logic devices manufactured by Altera and sold by 
Altera or its authorized distributors.  Please refer to the 
applicable agreement for further details.



+---------------------------------------------------------------------------------+
; Flow Summary                                                                    ;
+------------------------------------+--------------------------------------------+
; Flow Status                        ; Successful - Sat Dec 09 23:35:10 2023      ;
; Quartus II 64-Bit Version          ; 13.1.0 Build 162 10/23/2013 SJ Web Edition ;
; Revision Name                      ; MaquinaDeSalgadosFinal                     ;
; Top-level Entity Name              ; vending_machine                            ;
; Family                             ; Cyclone IV GX                              ;
; Total logic elements               ; 319 / 21,280 ( 1 % )                       ;
;     Total combinational functions  ; 312 / 21,280 ( 1 % )                       ;
;     Dedicated logic registers      ; 182 / 21,280 ( < 1 % )                     ;
; Total registers                    ; 182                                        ;
; Total pins                         ; 45 / 167 ( 27 % )                          ;
; Total virtual pins                 ; 0                                          ;
; Total memory bits                  ; 0 / 774,144 ( 0 % )                        ;
; Embedded Multiplier 9-bit elements ; 0 / 80 ( 0 % )                             ;
; Total GXB Receiver Channel PCS     ; 0 / 4 ( 0 % )                              ;
; Total GXB Receiver Channel PMA     ; 0 / 4 ( 0 % )                              ;
; Total GXB Transmitter Channel PCS  ; 0 / 4 ( 0 % )                              ;
; Total GXB Transmitter Channel PMA  ; 0 / 4 ( 0 % )                              ;
; Total PLLs                         ; 0 / 4 ( 0 % )                              ;
; Device                             ; EP4CGX22CF19C6                             ;
; Timing Models                      ; Final                                      ;
+------------------------------------+--------------------------------------------+


+--------------------------------------------+
; Flow Settings                              ;
+-------------------+------------------------+
; Option            ; Setting                ;
+-------------------+------------------------+
; Start date & time ; 12/09/2023 23:28:18    ;
; Main task         ; Compilation            ;
; Revision Name     ; MaquinaDeSalgadosFinal ;
+-------------------+------------------------+


+---------------------------------------------------------------------------------------------------------------------------------------------------------------------------------------------------------------+
; Flow Non-Default Global Settings                                                                                                                                                                              ;
+-------------------------------------+-------------------------------------------------------------------------------------------------------------+------------------------+-----------------+----------------+
; Assignment Name                     ; Value                                                                                                       ; Default Value          ; Entity Name     ; Section Id     ;
+-------------------------------------+-------------------------------------------------------------------------------------------------------------+------------------------+-----------------+----------------+
; COMPILER_SIGNATURE_ID               ; 180747814423822.170217529724320                                                                             ; --                     ; --              ; --             ;
; EDA_GENERATE_FUNCTIONAL_NETLIST     ; On                                                                                                          ; --                     ; --              ; eda_simulation ;
; EDA_NETLIST_WRITER_OUTPUT_DIR       ; C:/Users/south/Documents/GitHub/VendingMachine---Circuitos-Digitais/MaquinaDeSalgadosFinal/simulation/qsim/ ; --                     ; --              ; eda_simulation ;
; EDA_OUTPUT_DATA_FORMAT              ; Verilog Hdl                                                                                                 ; --                     ; --              ; eda_simulation ;
; EDA_SIMULATION_TOOL                 ; ModelSim-Altera (Verilog)                                                                                   ; <None>                 ; --              ; --             ;
; PARTITION_COLOR                     ; 16764057                                                                                                    ; --                     ; vending_machine ; Top            ;
; PARTITION_FITTER_PRESERVATION_LEVEL ; PLACEMENT_AND_ROUTING                                                                                       ; --                     ; vending_machine ; Top            ;
; PARTITION_NETLIST_TYPE              ; SOURCE                                                                                                      ; --                     ; vending_machine ; Top            ;
; PROJECT_OUTPUT_DIRECTORY            ; output_files                                                                                                ; --                     ; --              ; --             ;
; TOP_LEVEL_ENTITY                    ; vending_machine                                                                                             ; MaquinaDeSalgadosFinal ; --              ; --             ;
+-------------------------------------+-------------------------------------------------------------------------------------------------------------+------------------------+-----------------+----------------+


+-------------------------------------------------------------------------------------------------------------------------------+
; Flow Elapsed Time                                                                                                             ;
+---------------------------+--------------+-------------------------+---------------------+------------------------------------+
; Module Name               ; Elapsed Time ; Average Processors Used ; Peak Virtual Memory ; Total CPU Time (on all processors) ;
+---------------------------+--------------+-------------------------+---------------------+------------------------------------+
; Analysis & Synthesis      ; 00:00:03     ; 1.0                     ; 4734 MB             ; 00:00:02                           ;
; Fitter                    ; 00:00:13     ; 1.5                     ; 5444 MB             ; 00:00:07                           ;
; Assembler                 ; 00:00:02     ; 1.0                     ; 4654 MB             ; 00:00:01                           ;
; TimeQuest Timing Analyzer ; 00:00:04     ; 1.0                     ; 4689 MB             ; 00:00:02                           ;
; EDA Netlist Writer        ; 00:00:01     ; 1.0                     ; 4606 MB             ; 00:00:00                           ;
; EDA Netlist Writer        ; 00:00:01     ; 1.0                     ; 4612 MB             ; 00:00:00                           ;
; EDA Netlist Writer        ; 00:00:01     ; 1.0                     ; 4612 MB             ; 00:00:00                           ;
; EDA Netlist Writer        ; 00:00:00     ; 1.0                     ; 4612 MB             ; 00:00:00                           ;
; EDA Netlist Writer        ; 00:00:01     ; 1.0                     ; 4613 MB             ; 00:00:00                           ;
; Total                     ; 00:00:26     ; --                      ; --                  ; 00:00:12                           ;
+---------------------------+--------------+-------------------------+---------------------+------------------------------------+


+----------------------------------------------------------------------------------------+
; Flow OS Summary                                                                        ;
+---------------------------+------------------+-----------+------------+----------------+
; Module Name               ; Machine Hostname ; OS Name   ; OS Version ; Processor type ;
+---------------------------+------------------+-----------+------------+----------------+
; Analysis & Synthesis      ; AlpenGlow        ; Windows 7 ; 6.2        ; x86_64         ;
; Fitter                    ; AlpenGlow        ; Windows 7 ; 6.2        ; x86_64         ;
; Assembler                 ; AlpenGlow        ; Windows 7 ; 6.2        ; x86_64         ;
; TimeQuest Timing Analyzer ; AlpenGlow        ; Windows 7 ; 6.2        ; x86_64         ;
; EDA Netlist Writer        ; AlpenGlow        ; Windows 7 ; 6.2        ; x86_64         ;
; EDA Netlist Writer        ; AlpenGlow        ; Windows 7 ; 6.2        ; x86_64         ;
; EDA Netlist Writer        ; AlpenGlow        ; Windows 7 ; 6.2        ; x86_64         ;
; EDA Netlist Writer        ; AlpenGlow        ; Windows 7 ; 6.2        ; x86_64         ;
; EDA Netlist Writer        ; AlpenGlow        ; Windows 7 ; 6.2        ; x86_64         ;
+---------------------------+------------------+-----------+------------+----------------+


------------
; Flow Log ;
------------
quartus_map --read_settings_files=on --write_settings_files=off MaquinaDeSalgadosFinal -c MaquinaDeSalgadosFinal
quartus_fit --read_settings_files=off --write_settings_files=off MaquinaDeSalgadosFinal -c MaquinaDeSalgadosFinal
quartus_asm --read_settings_files=off --write_settings_files=off MaquinaDeSalgadosFinal -c MaquinaDeSalgadosFinal
quartus_sta MaquinaDeSalgadosFinal -c MaquinaDeSalgadosFinal
quartus_eda --read_settings_files=off --write_settings_files=off MaquinaDeSalgadosFinal -c MaquinaDeSalgadosFinal
quartus_eda --gen_testbench --check_outputs=on --tool=modelsim_oem --format=verilog MaquinaDeSalgadosFinal -c MaquinaDeSalgadosFinal --vector_source=C:/Users/south/Documents/GitHub/VendingMachine---Circuitos-Digitais/MaquinaDeSalgadosFinal/Waveform.vwf --testbench_file=C:/Users/south/Documents/GitHub/VendingMachine---Circuitos-Digitais/MaquinaDeSalgadosFinal/simulation/qsim/Waveform.vwf.vt
quartus_eda --functional=on --flatten_buses=off --simulation=on --tool=modelsim_oem --format=verilog --output_directory=C:/Users/south/Documents/GitHub/VendingMachine---Circuitos-Digitais/MaquinaDeSalgadosFinal/simulation/qsim/ MaquinaDeSalgadosFinal -c MaquinaDeSalgadosFinal
quartus_eda --gen_testbench --check_outputs=on --tool=modelsim_oem --format=verilog MaquinaDeSalgadosFinal -c MaquinaDeSalgadosFinal --vector_source=C:/Users/south/Documents/GitHub/VendingMachine---Circuitos-Digitais/MaquinaDeSalgadosFinal/Waveform.vwf --testbench_file=C:/Users/south/Documents/GitHub/VendingMachine---Circuitos-Digitais/MaquinaDeSalgadosFinal/simulation/qsim/Waveform.vwf.vt
quartus_eda --functional=on --flatten_buses=off --simulation=on --tool=modelsim_oem --format=verilog --output_directory=C:/Users/south/Documents/GitHub/VendingMachine---Circuitos-Digitais/MaquinaDeSalgadosFinal/simulation/qsim/ MaquinaDeSalgadosFinal -c MaquinaDeSalgadosFinal



