Flow report for acumulador8
Fri Dec 01 11:08:03 2023
Quartus II 64-Bit Version 13.0.1 Build 232 06/12/2013 Service Pack 1 SJ Web Edition


---------------------
; Table of Contents ;
---------------------
  1. Legal Notice
  2. Flow Summary
  3. Flow Settings
  4. Flow Non-Default Global Settings
  5. Flow Elapsed Time
  6. Flow OS Summary
  7. Flow Log
  8. Flow Messages
  9. Flow Suppressed Messages



----------------
; Legal Notice ;
----------------
Copyright (C) 1991-2013 Altera Corporation
Your use of Altera Corporation's design tools, logic functions 
and other software and tools, and its AMPP partner logic 
functions, and any output files from any of the foregoing 
(including device programming or simulation files), and any 
associated documentation or information are expressly subject 
to the terms and conditions of the Altera Program License 
Subscription Agreement, Altera MegaCore Function License 
Agreement, or other applicable license agreement, including, 
without limitation, that your use is for the sole purpose of 
programming logic devices manufactured by Altera and sold by 
Altera or its authorized distributors.  Please refer to the 
applicable agreement for further details.



+--------------------------------------------------------------------------------------+
; Flow Summary                                                                         ;
+------------------------------------+-------------------------------------------------+
; Flow Status                        ; Successful - Fri Dec 01 11:08:03 2023           ;
; Quartus II 64-Bit Version          ; 13.0.1 Build 232 06/12/2013 SP 1 SJ Web Edition ;
; Revision Name                      ; acumulador8                                     ;
; Top-level Entity Name              ; acumulador8                                     ;
; Family                             ; Cyclone IV GX                                   ;
; Total logic elements               ; 19 / 14,400 ( < 1 % )                           ;
;     Total combinational functions  ; 19 / 14,400 ( < 1 % )                           ;
;     Dedicated logic registers      ; 8 / 14,400 ( < 1 % )                            ;
; Total registers                    ; 8                                               ;
; Total pins                         ; 19 / 81 ( 23 % )                                ;
; Total virtual pins                 ; 0                                               ;
; Total memory bits                  ; 0 / 552,960 ( 0 % )                             ;
; Embedded Multiplier 9-bit elements ; 0                                               ;
; Total GXB Receiver Channel PCS     ; 0 / 2 ( 0 % )                                   ;
; Total GXB Receiver Channel PMA     ; 0 / 2 ( 0 % )                                   ;
; Total GXB Transmitter Channel PCS  ; 0 / 2 ( 0 % )                                   ;
; Total GXB Transmitter Channel PMA  ; 0 / 2 ( 0 % )                                   ;
; Total PLLs                         ; 0 / 3 ( 0 % )                                   ;
; Device                             ; EP4CGX15BF14C6                                  ;
; Timing Models                      ; Final                                           ;
+------------------------------------+-------------------------------------------------+


+-----------------------------------------+
; Flow Settings                           ;
+-------------------+---------------------+
; Option            ; Setting             ;
+-------------------+---------------------+
; Start date & time ; 12/01/2023 11:02:20 ;
; Main task         ; Compilation         ;
; Revision Name     ; acumulador8         ;
+-------------------+---------------------+


+----------------------------------------------------------------------------------------------------------------------+
; Flow Non-Default Global Settings                                                                                     ;
+-------------------------------------+---------------------------------+---------------+-------------+----------------+
; Assignment Name                     ; Value                           ; Default Value ; Entity Name ; Section Id     ;
+-------------------------------------+---------------------------------+---------------+-------------+----------------+
; COMPILER_SIGNATURE_ID               ; 123598314814239.170143934018272 ; --            ; --          ; --             ;
; EDA_OUTPUT_DATA_FORMAT              ; Vhdl                            ; --            ; --          ; eda_simulation ;
; EDA_SIMULATION_TOOL                 ; ModelSim-Altera (VHDL)          ; <None>        ; --          ; --             ;
; PARTITION_COLOR                     ; 16764057                        ; --            ; --          ; Top            ;
; PARTITION_FITTER_PRESERVATION_LEVEL ; PLACEMENT_AND_ROUTING           ; --            ; --          ; Top            ;
; PARTITION_NETLIST_TYPE              ; SOURCE                          ; --            ; --          ; Top            ;
; PROJECT_OUTPUT_DIRECTORY            ; output_files                    ; --            ; --          ; --             ;
+-------------------------------------+---------------------------------+---------------+-------------+----------------+


+-------------------------------------------------------------------------------------------------------------------------------+
; Flow Elapsed Time                                                                                                             ;
+---------------------------+--------------+-------------------------+---------------------+------------------------------------+
; Module Name               ; Elapsed Time ; Average Processors Used ; Peak Virtual Memory ; Total CPU Time (on all processors) ;
+---------------------------+--------------+-------------------------+---------------------+------------------------------------+
; Analysis & Synthesis      ; 00:00:04     ; 1.0                     ; 4676 MB             ; 00:00:02                           ;
; Fitter                    ; 00:00:14     ; 1.0                     ; 4972 MB             ; 00:00:08                           ;
; Assembler                 ; 00:00:02     ; 1.0                     ; 4604 MB             ; 00:00:01                           ;
; TimeQuest Timing Analyzer ; 00:00:04     ; 1.0                     ; 4596 MB             ; 00:00:03                           ;
; EDA Netlist Writer        ; 00:00:02     ; 1.0                     ; 4561 MB             ; 00:00:01                           ;
; EDA Netlist Writer        ; 00:00:01     ; 1.0                     ; 4569 MB             ; 00:00:01                           ;
; EDA Netlist Writer        ; 00:00:01     ; 1.0                     ; 4564 MB             ; 00:00:01                           ;
; EDA Netlist Writer        ; 00:00:01     ; 1.0                     ; 4569 MB             ; 00:00:01                           ;
; EDA Netlist Writer        ; 00:00:02     ; 1.0                     ; 4569 MB             ; 00:00:01                           ;
; EDA Netlist Writer        ; 00:00:02     ; 1.0                     ; 4569 MB             ; 00:00:01                           ;
; EDA Netlist Writer        ; 00:00:01     ; 1.0                     ; 4564 MB             ; 00:00:01                           ;
; EDA Netlist Writer        ; 00:00:01     ; 1.0                     ; 4564 MB             ; 00:00:01                           ;
; EDA Netlist Writer        ; 00:00:01     ; 1.0                     ; 4564 MB             ; 00:00:01                           ;
; Total                     ; 00:00:36     ; --                      ; --                  ; 00:00:23                           ;
+---------------------------+--------------+-------------------------+---------------------+------------------------------------+


+----------------------------------------------------------------------------------------+
; Flow OS Summary                                                                        ;
+---------------------------+------------------+-----------+------------+----------------+
; Module Name               ; Machine Hostname ; OS Name   ; OS Version ; Processor type ;
+---------------------------+------------------+-----------+------------+----------------+
; Analysis & Synthesis      ; LAPTOP-CUFVOCGT  ; Windows 7 ; 6.2        ; x86_64         ;
; Fitter                    ; LAPTOP-CUFVOCGT  ; Windows 7 ; 6.2        ; x86_64         ;
; Assembler                 ; LAPTOP-CUFVOCGT  ; Windows 7 ; 6.2        ; x86_64         ;
; TimeQuest Timing Analyzer ; LAPTOP-CUFVOCGT  ; Windows 7 ; 6.2        ; x86_64         ;
; EDA Netlist Writer        ; LAPTOP-CUFVOCGT  ; Windows 7 ; 6.2        ; x86_64         ;
; EDA Netlist Writer        ; LAPTOP-CUFVOCGT  ; Windows 7 ; 6.2        ; x86_64         ;
; EDA Netlist Writer        ; LAPTOP-CUFVOCGT  ; Windows 7 ; 6.2        ; x86_64         ;
; EDA Netlist Writer        ; LAPTOP-CUFVOCGT  ; Windows 7 ; 6.2        ; x86_64         ;
; EDA Netlist Writer        ; LAPTOP-CUFVOCGT  ; Windows 7 ; 6.2        ; x86_64         ;
; EDA Netlist Writer        ; LAPTOP-CUFVOCGT  ; Windows 7 ; 6.2        ; x86_64         ;
; EDA Netlist Writer        ; LAPTOP-CUFVOCGT  ; Windows 7 ; 6.2        ; x86_64         ;
; EDA Netlist Writer        ; LAPTOP-CUFVOCGT  ; Windows 7 ; 6.2        ; x86_64         ;
; EDA Netlist Writer        ; LAPTOP-CUFVOCGT  ; Windows 7 ; 6.2        ; x86_64         ;
+---------------------------+------------------+-----------+------------+----------------+


------------
; Flow Log ;
------------
quartus_map --read_settings_files=on --write_settings_files=off acumulador8 -c acumulador8
quartus_fit --read_settings_files=off --write_settings_files=off acumulador8 -c acumulador8
quartus_asm --read_settings_files=off --write_settings_files=off acumulador8 -c acumulador8
quartus_sta acumulador8 -c acumulador8
quartus_eda --read_settings_files=off --write_settings_files=off acumulador8 -c acumulador8
quartus_eda --gen_testbench --check_outputs=on --tool=modelsim_oem --format=verilog acumulador8 -c acumulador8 --vector_source=C:/Users/adejr/OneDrive/Documents/GitHub/CircuitosDigitais/VendingMachine---Circuitos-Digitais/caue/Waveform.vwf --testbench_file=./simulation/qsim/acumulador8.vt
quartus_eda --functional=on --simulation=on --tool=modelsim_oem --format=verilog acumulador8 -c acumulador8
quartus_eda --gen_testbench --check_outputs=on --tool=modelsim_oem --format=verilog acumulador8 -c acumulador8 --vector_source=C:/Users/adejr/OneDrive/Documents/GitHub/CircuitosDigitais/VendingMachine---Circuitos-Digitais/caue/Waveform.vwf --testbench_file=./simulation/qsim/acumulador8.vt
quartus_eda --functional=off --timescale=1ps --simulation=on --tool=modelsim_oem --format=verilog acumulador8 -c acumulador8
quartus_eda --gen_testbench --check_outputs=on --tool=modelsim_oem --format=verilog acumulador8 -c acumulador8 --vector_source=C:/Users/adejr/OneDrive/Documents/GitHub/CircuitosDigitais/VendingMachine---Circuitos-Digitais/caue/Waveform.vwf --testbench_file=./simulation/qsim/acumulador8.vt
quartus_eda --functional=on --simulation=on --tool=modelsim_oem --format=verilog acumulador8 -c acumulador8
quartus_eda --gen_testbench --check_outputs=on --tool=modelsim_oem --format=verilog acumulador8 -c acumulador8 --vector_source=C:/Users/adejr/OneDrive/Documents/GitHub/CircuitosDigitais/VendingMachine---Circuitos-Digitais/caue/Waveform.vwf --testbench_file=./simulation/qsim/acumulador8.vt
quartus_eda --functional=on --simulation=on --tool=modelsim_oem --format=verilog acumulador8 -c acumulador8



